2017-01-14T13:55:11.750+0800 I CONTROL  [main] Trying to start Windows service 'MongoDB'
2017-01-14T13:55:11.751+0800 I CONTROL  [initandlisten] MongoDB starting : pid=2528 port=27017 dbpath=c:\data\db 64-bit host=admin-PC
2017-01-14T13:55:11.751+0800 I CONTROL  [initandlisten] targetMinOS: Windows 7/Windows Server 2008 R2
2017-01-14T13:55:11.751+0800 I CONTROL  [initandlisten] db version v3.4.1
2017-01-14T13:55:11.751+0800 I CONTROL  [initandlisten] git version: 5e103c4f5583e2566a45d740225dc250baacfbd7
2017-01-14T13:55:11.751+0800 I CONTROL  [initandlisten] OpenSSL version: OpenSSL 1.0.1t-fips  3 May 2016
2017-01-14T13:55:11.751+0800 I CONTROL  [initandlisten] allocator: tcmalloc
2017-01-14T13:55:11.751+0800 I CONTROL  [initandlisten] modules: none
2017-01-14T13:55:11.751+0800 I CONTROL  [initandlisten] build environment:
2017-01-14T13:55:11.751+0800 I CONTROL  [initandlisten]     distmod: 2008plus-ssl
2017-01-14T13:55:11.751+0800 I CONTROL  [initandlisten]     distarch: x86_64
2017-01-14T13:55:11.752+0800 I CONTROL  [initandlisten]     target_arch: x86_64
2017-01-14T13:55:11.753+0800 I CONTROL  [initandlisten] options: { config: "D:\mongoDB\mongod.cfg", service: true, storage: { dbPath: "c:\data\db" }, systemLog: { destination: "file", path: "c:\data\log\mongod.log" } }
2017-01-14T13:55:11.765+0800 I -        [initandlisten] Detected data files in c:\data\db created by the 'wiredTiger' storage engine, so setting the active storage engine to 'wiredTiger'.
2017-01-14T13:55:11.770+0800 I STORAGE  [initandlisten] wiredtiger_open config: create,cache_size=3529M,session_max=20000,eviction=(threads_max=4),config_base=false,statistics=(fast),log=(enabled=true,archive=true,path=journal,compressor=snappy),file_manager=(close_idle_time=100000),checkpoint=(wait=60,log_size=2GB),statistics_log=(wait=0),
2017-01-14T13:55:12.223+0800 I CONTROL  [initandlisten] 
2017-01-14T13:55:12.223+0800 I CONTROL  [initandlisten] ** WARNING: Access control is not enabled for the database.
2017-01-14T13:55:12.223+0800 I CONTROL  [initandlisten] **          Read and write access to data and configuration is unrestricted.
2017-01-14T13:55:12.223+0800 I CONTROL  [initandlisten] 
2017-01-14T13:55:13.486+0800 I FTDC     [initandlisten] Initializing full-time diagnostic data capture with directory 'c:/data/db/diagnostic.data'
2017-01-14T13:55:13.487+0800 I STORAGE  [initandlisten] Service running
2017-01-14T13:55:13.488+0800 I NETWORK  [thread1] waiting for connections on port 27017
2017-01-14T14:03:51.708+0800 I NETWORK  [thread1] connection accepted from 127.0.0.1:49642 #1 (1 connection now open)
2017-01-14T14:03:51.712+0800 I NETWORK  [conn1] received client metadata from 127.0.0.1:49642 conn1: { driver: { name: "nodejs", version: "2.2.16" }, os: { type: "Windows_NT", name: "win32", architecture: "x64", version: "6.1.7601" }, platform: "Node.js v4.4.4, LE, mongodb-core: 2.1.2" }
2017-01-14T14:03:51.724+0800 I -        [conn1] end connection 127.0.0.1:49642 (1 connection now open)
2017-01-14T14:11:02.747+0800 I CONTROL  [serviceShutdown] got SERVICE_CONTROL_STOP request from Windows Service Control Manager, will terminate after current cmd ends
2017-01-14T14:11:02.747+0800 I NETWORK  [serviceShutdown] shutdown: going to close listening sockets...
2017-01-14T14:11:02.747+0800 I NETWORK  [serviceShutdown] closing listening socket: 432
2017-01-14T14:11:02.747+0800 I NETWORK  [serviceShutdown] shutdown: going to flush diaglog...
2017-01-14T14:11:02.747+0800 I FTDC     [serviceShutdown] Shutting down full-time diagnostic data capture
2017-01-14T14:11:02.750+0800 I STORAGE  [serviceShutdown] WiredTigerKVEngine shutting down
2017-01-14T14:11:02.820+0800 I STORAGE  [serviceShutdown] shutdown: removing fs lock...
2017-01-14T14:11:02.820+0800 I CONTROL  [serviceShutdown] now exiting
2017-01-14T14:11:02.821+0800 I CONTROL  [serviceStopWorker] shutting down with code:49
